000001 | START run_id=research_20260327T143245Z_784 utc=2026-03-27T14:32:45Z
000002 | ISOLATION run_dir_preexisting=NO
000003 | BASELINE latest_classic_run=NOT_FOUND
000004 | BASE_RESULT problem=hubbard_hts_core energy=1.992202 pairing=0.751526 sign=0.306122 cpu_peak=100.00 mem_peak=66.76 elapsed_ns=12625413229
000005 | BASE_RESULT problem=qcd_lattice_fullscale energy=2.233878 pairing=0.614733 sign=-0.194444 cpu_peak=100.00 mem_peak=66.70 elapsed_ns=9974363170
000006 | BASE_RESULT problem=quantum_field_noneq energy=1.744193 pairing=0.514965 sign=-0.500000 cpu_peak=100.00 mem_peak=66.69 elapsed_ns=9438036245
000007 | BASE_RESULT problem=dense_nuclear_fullscale energy=2.728035 pairing=0.746429 sign=0.030303 cpu_peak=100.00 mem_peak=67.68 elapsed_ns=9616355443
000008 | BASE_RESULT problem=quantum_chemistry_fullscale energy=1.623323 pairing=0.799107 sign=0.050000 cpu_peak=100.00 mem_peak=67.67 elapsed_ns=9988073510
000009 | BASE_RESULT problem=spin_liquid_exotic energy=2.613450 pairing=0.855191 sign=-0.107143 cpu_peak=100.00 mem_peak=67.41 elapsed_ns=11882152344
000010 | BASE_RESULT problem=topological_correlated_materials energy=1.944113 pairing=0.823965 sign=-0.200000 cpu_peak=100.00 mem_peak=66.38 elapsed_ns=11360094948
000011 | BASE_RESULT problem=correlated_fermions_non_hubbard energy=2.141913 pairing=0.765182 sign=0.318681 cpu_peak=100.00 mem_peak=66.21 elapsed_ns=10896180144
000012 | BASE_RESULT problem=multi_state_excited_chemistry energy=1.697263 pairing=0.849858 sign=0.333333 cpu_peak=100.00 mem_peak=65.36 elapsed_ns=10474371778
000013 | BASE_RESULT problem=bosonic_multimode_systems energy=1.293666 pairing=0.696595 sign=0.380952 cpu_peak=100.00 mem_peak=65.53 elapsed_ns=10073503249
000014 | BASE_RESULT problem=multiscale_nonlinear_field_models energy=2.292525 pairing=0.689856 sign=0.145833 cpu_peak=100.00 mem_peak=65.45 elapsed_ns=10512263188
000015 | BASE_RESULT problem=far_from_equilibrium_kinetic_lattices energy=1.992124 pairing=0.637233 sign=0.241026 cpu_peak=100.00 mem_peak=64.73 elapsed_ns=11515941715
000016 | BASE_RESULT problem=multi_correlated_fermion_boson_networks energy=1.843587 pairing=0.747455 sign=-0.040816 cpu_peak=100.00 mem_peak=65.06 elapsed_ns=11112116557
000017 | BASE_RESULT problem=ed_validation_2x2 energy=0.739243 pairing=0.827682 sign=0.000000 cpu_peak=100.00 mem_peak=65.05 elapsed_ns=18210639390
000018 | BASE_RESULT problem=fermionic_sign_problem energy=3.474022 pairing=0.931267 sign=-0.166667 cpu_peak=100.00 mem_peak=65.63 elapsed_ns=13633578011
000019 | TEST exact_2x2 u4=-2.7205662327 u8=-1.5043157123 ordered=yes
000020 | RUSAGE maxrss_kb=8324 user=1286.635161 sys=12.146062
000021 | SCORE iso=100 trace=93 repr=100 robust=98 phys=78 expert=57
000022 | END report=/home/runner/workspace/src/advanced_calculations/quantum_problem_hubbard_hts/results/research_20260327T143245Z_784/reports/RAPPORT_RECHERCHE_CYCLE_06_ADVANCED.md
