000001 | START run_id=research_20260327T145442Z_1050 utc=2026-03-27T14:54:42Z
000002 | ISOLATION run_dir_preexisting=NO
000003 | BASELINE latest_classic_run=NOT_FOUND
000004 | C43 dense_nuclear_fullscale override supprimé — steps depuis CSV: 10500
000004 | BASE_RESULT problem=hubbard_hts_core energy=1.992202 pairing=0.751526 sign=0.306122 cpu_peak=57.14 mem_peak=75.65 elapsed_ns=2598363451
000005 | BASE_RESULT problem=qcd_lattice_fullscale energy=2.233878 pairing=0.614733 sign=-0.194444 cpu_peak=55.26 mem_peak=75.66 elapsed_ns=2038241409
000006 | BASE_RESULT problem=quantum_field_noneq energy=1.744193 pairing=0.514965 sign=-0.500000 cpu_peak=60.98 mem_peak=75.65 elapsed_ns=1935049901
000007 | BASE_RESULT problem=dense_nuclear_fullscale energy=2.728035 pairing=0.746429 sign=0.030303 cpu_peak=77.50 mem_peak=75.63 elapsed_ns=2442748654
000008 | BASE_RESULT problem=quantum_chemistry_fullscale energy=1.623323 pairing=0.799107 sign=0.050000 cpu_peak=57.50 mem_peak=75.57 elapsed_ns=2203583077
000009 | BASE_RESULT problem=spin_liquid_exotic energy=2.613450 pairing=0.855191 sign=-0.107143 cpu_peak=94.87 mem_peak=76.09 elapsed_ns=2863616797
000010 | BASE_RESULT problem=topological_correlated_materials energy=1.944113 pairing=0.823965 sign=-0.200000 cpu_peak=78.05 mem_peak=76.59 elapsed_ns=2517857883
000011 | BASE_RESULT problem=correlated_fermions_non_hubbard energy=2.141913 pairing=0.765182 sign=0.318681 cpu_peak=66.67 mem_peak=76.63 elapsed_ns=2300205675
000012 | BASE_RESULT problem=multi_state_excited_chemistry energy=1.697263 pairing=0.849858 sign=0.333333 cpu_peak=65.00 mem_peak=76.59 elapsed_ns=2256571727
000013 | BASE_RESULT problem=bosonic_multimode_systems energy=1.293666 pairing=0.696595 sign=0.380952 cpu_peak=47.04 mem_peak=76.59 elapsed_ns=2267676816
000014 | BASE_RESULT problem=multiscale_nonlinear_field_models energy=2.292525 pairing=0.689856 sign=0.145833 cpu_peak=58.97 mem_peak=76.55 elapsed_ns=2093163349
000015 | BASE_RESULT problem=far_from_equilibrium_kinetic_lattices energy=1.992124 pairing=0.637233 sign=0.241026 cpu_peak=50.00 mem_peak=76.54 elapsed_ns=2204612807
000016 | BASE_RESULT problem=multi_correlated_fermion_boson_networks energy=1.843587 pairing=0.747455 sign=-0.040816 cpu_peak=51.28 mem_peak=76.54 elapsed_ns=2161764988
000017 | BASE_RESULT problem=ed_validation_2x2 energy=0.739243 pairing=0.827682 sign=0.000000 cpu_peak=86.11 mem_peak=76.52 elapsed_ns=3310018971
000018 | BASE_RESULT problem=fermionic_sign_problem energy=3.474022 pairing=0.931267 sign=-0.166667 cpu_peak=62.16 mem_peak=75.80 elapsed_ns=2644585280
000019 | WORM_MC_C37P2 problem=bosonic_multimode_systems T=76.5K phase=mott_insulator conv=true E_site=-1.260000 n_site=1.000000 rho_s=0.000000 accept=0.0000
000020 | WORM_MC_C37P2 total_bosonic_runs=1 csv=/home/runner/workspace/src/advanced_calculations/quantum_problem_hubbard_hts/results/research_20260327T145442Z_1050/tests/worm_mc_bosonic_results.csv
